<?xml version="1.0" encoding="UTF-8"?>
<!-- Generated by org.testng.reporters.JUnitReportReporter -->
<testsuite hostname="ENTS-David" failures="0" tests="1" name="TestDeamon.Tinah.TestHomepage" time="31.734" errors="0" timestamp="2022-02-12T09:54:09 WAT" skipped="0">
  <testcase classname="TestDeamon.Tinah.TestHomepage" name="setup" time="31.734"/>
  <system-out/>
</testsuite> <!-- TestDeamon.Tinah.TestHomepage -->
